1 0.659791 0.665152 44.07% 35.59%
2 0.655259 0.665333 44.07% 35.59%
3 0.652559 0.666201 44.07% 35.59%
4 0.650763 0.667358 44.07% 35.59%
5 0.649494 0.668868 44.07% 35.59%
6 0.648883 0.670169 44.07% 35.59%
7 0.648558 0.670930 44.07% 35.59%
8 0.648374 0.671270 44.07% 35.59%
9 0.648211 0.671607 44.07% 35.59%
10 0.648048 0.672070 44.07% 35.59%
11 0.647931 0.672384 44.07% 35.59%
12 0.647801 0.672736 44.07% 35.59%
13 0.647673 0.672768 44.07% 35.59%
14 0.647548 0.672429 44.07% 35.59%
15 0.647372 0.672377 44.07% 35.59%
16 0.647176 0.671985 44.07% 35.59%
17 0.646902 0.671901 44.07% 35.59%
18 0.646572 0.671560 44.07% 35.59%
19 0.646143 0.671550 44.07% 35.59%
20 0.645625 0.671283 44.07% 35.59%
21 0.644976 0.670832 44.07% 35.59%
22 0.644147 0.669711 44.07% 35.59%
23 0.643133 0.668831 44.07% 35.59%
24 0.641849 0.667147 44.07% 35.59%
25 0.640296 0.665539 44.07% 35.59%
26 0.638304 0.662991 44.07% 35.59%
27 0.635889 0.659950 44.07% 35.59%
28 0.632980 0.656751 44.07% 35.59%
29 0.629352 0.652162 44.07% 35.59%
30 0.624996 0.646948 44.07% 35.59%
31 0.619832 0.640670 44.07% 35.59%
32 0.613776 0.634648 44.07% 35.59%
33 0.606503 0.626636 44.07% 35.59%
34 0.597838 0.616082 47.46% 42.37%
35 0.587831 0.604656 61.02% 57.63%
36 0.576309 0.592794 64.41% 59.32%
37 0.563053 0.578704 64.41% 62.71%
38 0.547637 0.561484 67.80% 64.41%
39 0.531460 0.545882 67.80% 64.41%
40 0.512530 0.524940 67.80% 64.41%
41 0.490722 0.500465 71.19% 67.80%
42 0.467365 0.471491 72.88% 71.19%
43 0.443147 0.447323 81.36% 74.58%
44 0.418298 0.421488 83.05% 79.66%
45 0.391727 0.391648 89.83% 89.83%
46 0.365471 0.362309 93.22% 93.22%
47 0.338908 0.337897 94.92% 94.92%
48 0.313553 0.313053 98.31% 96.61%
49 0.288584 0.286874 98.31% 96.61%
50 0.266233 0.269831 98.31% 98.31%
51 0.244033 0.245732 98.31% 96.61%
52 0.223718 0.225294 100.00% 96.61%
53 0.206942 0.214280 98.31% 98.31%
54 0.190109 0.195701 100.00% 96.61%
55 0.176159 0.185894 100.00% 96.61%
56 0.162638 0.173173 100.00% 96.61%
57 0.151746 0.164265 100.00% 96.61%
58 0.141962 0.156764 100.00% 98.31%
59 0.133067 0.148639 100.00% 94.92%
60 0.123926 0.137437 100.00% 96.61%
61 0.116570 0.132459 100.00% 98.31%
62 0.110503 0.125264 100.00% 96.61%
63 0.104097 0.121481 100.00% 96.61%
64 0.098079 0.117725 100.00% 96.61%
65 0.093380 0.114800 100.00% 98.31%
66 0.088903 0.110115 100.00% 98.31%
67 0.085510 0.108891 100.00% 98.31%
68 0.080442 0.103754 100.00% 98.31%
69 0.077034 0.100900 100.00% 98.31%
70 0.073834 0.100262 100.00% 96.61%
