1 0.662894 0.668236 40.00% 34.00%
2 0.661163 0.669619 40.00% 34.00%
3 0.660132 0.671091 40.00% 34.00%
4 0.659765 0.672058 40.00% 34.00%
5 0.659435 0.672847 40.00% 34.00%
6 0.659329 0.673553 40.00% 34.00%
7 0.659165 0.674399 40.00% 34.00%
8 0.659040 0.674502 40.00% 34.00%
9 0.658889 0.674301 40.00% 34.00%
10 0.658581 0.674515 40.00% 34.00%
11 0.658114 0.674184 40.00% 34.00%
12 0.657354 0.673525 40.00% 34.00%
13 0.656034 0.673094 40.00% 34.00%
14 0.653885 0.671012 40.00% 34.00%
15 0.650359 0.666686 40.00% 34.00%
16 0.644795 0.660330 40.00% 34.00%
17 0.636184 0.651119 40.00% 34.00%
18 0.623291 0.637679 40.00% 34.00%
19 0.604854 0.617708 44.00% 36.00%
20 0.579590 0.594855 70.00% 62.00%
21 0.547152 0.559192 72.00% 62.00%
22 0.509154 0.518888 78.00% 64.00%
23 0.466477 0.480532 80.00% 66.00%
24 0.428300 0.442625 90.00% 82.00%
25 0.395989 0.411238 94.00% 88.00%
26 0.371697 0.390980 90.00% 82.00%
27 0.351782 0.364454 98.00% 94.00%
28 0.334038 0.352623 98.00% 92.00%
29 0.319363 0.338726 98.00% 94.00%
30 0.307325 0.327204 98.00% 94.00%
31 0.296253 0.317677 98.00% 94.00%
32 0.285175 0.307196 98.00% 94.00%
33 0.276342 0.307393 94.00% 86.00%
34 0.266634 0.297468 94.00% 88.00%
35 0.256963 0.281396 98.00% 94.00%
36 0.247440 0.276469 98.00% 92.00%
37 0.242456 0.256276 98.00% 96.00%
38 0.229148 0.259880 98.00% 94.00%
39 0.220393 0.249883 98.00% 94.00%
40 0.211953 0.239724 98.00% 94.00%
41 0.203853 0.232109 98.00% 94.00%
42 0.196145 0.228720 98.00% 94.00%
43 0.193407 0.240440 96.00% 88.00%
44 0.183167 0.205212 98.00% 96.00%
45 0.174010 0.208590 98.00% 94.00%
46 0.167195 0.199076 98.00% 94.00%
47 0.161378 0.188795 98.00% 94.00%
48 0.157137 0.179231 98.00% 96.00%
49 0.157172 0.171101 100.00% 96.00%
50 0.142658 0.174500 98.00% 92.00%
51 0.137313 0.169390 98.00% 92.00%
52 0.132129 0.166156 98.00% 94.00%
53 0.128183 0.170657 98.00% 94.00%
54 0.123409 0.165781 98.00% 94.00%
55 0.127983 0.143398 100.00% 96.00%
56 0.115081 0.144604 98.00% 96.00%
57 0.111497 0.157157 98.00% 94.00%
58 0.106604 0.149122 98.00% 94.00%
59 0.103753 0.149025 98.00% 94.00%
60 0.099545 0.132914 98.00% 96.00%
61 0.096267 0.129781 98.00% 96.00%
62 0.092515 0.131421 98.00% 96.00%
63 0.096505 0.152909 98.00% 94.00%
64 0.087345 0.122003 98.00% 96.00%
65 0.086033 0.117279 100.00% 96.00%
66 0.081570 0.121056 98.00% 98.00%
67 0.079402 0.116494 98.00% 96.00%
68 0.080464 0.109825 100.00% 96.00%
69 0.076603 0.109254 100.00% 96.00%
70 0.072714 0.111750 98.00% 96.00%
71 0.070725 0.110957 98.00% 98.00%
72 0.068878 0.110412 98.00% 98.00%
73 0.066980 0.107825 98.00% 98.00%
74 0.065338 0.104479 100.00% 96.00%
75 0.065151 0.113779 98.00% 96.00%
76 0.064578 0.115655 98.00% 94.00%
77 0.063544 0.115642 98.00% 94.00%
78 0.060667 0.095775 100.00% 96.00%
79 0.057591 0.100948 98.00% 98.00%
80 0.056262 0.100244 98.00% 98.00%
81 0.056073 0.104454 98.00% 96.00%
82 0.055751 0.106458 98.00% 96.00%
83 0.052429 0.096072 98.00% 98.00%
84 0.051536 0.097185 98.00% 98.00%
85 0.051918 0.088474 100.00% 96.00%
86 0.049008 0.092367 100.00% 98.00%
87 0.048381 0.094641 98.00% 98.00%
88 0.047466 0.094208 98.00% 98.00%
89 0.046437 0.086707 100.00% 96.00%
90 0.045072 0.088283 100.00% 98.00%
91 0.044174 0.087043 100.00% 98.00%
92 0.045070 0.083267 100.00% 96.00%
93 0.044052 0.082688 100.00% 96.00%
94 0.041696 0.084524 100.00% 98.00%
95 0.040946 0.085860 100.00% 98.00%
96 0.040159 0.084817 100.00% 98.00%
97 0.040026 0.080905 100.00% 96.00%
98 0.039496 0.087568 98.00% 98.00%
99 0.038072 0.081170 100.00% 96.00%
100 0.037522 0.083422 100.00% 98.00%
